TN:
SF:src/lib/features.js
FN:5,featureEnabled
FN:18,practiceKindOn
FN:24,publicFeatureEnabled
FNF:3
FNH:3
FNDA:6,featureEnabled
FNDA:10,practiceKindOn
FNDA:12,publicFeatureEnabled
DA:6,6
DA:7,4
DA:19,10
DA:20,10
DA:21,7
DA:25,12
DA:26,11
DA:27,12
DA:28,7
DA:30,4
DA:31,2
LF:11
LH:11
BRDA:6,0,0,2
BRDA:6,0,1,4
BRDA:19,1,0,4
BRDA:19,1,1,6
BRDA:20,2,0,3
BRDA:20,2,1,7
BRDA:20,3,0,10
BRDA:20,3,1,10
BRDA:21,4,0,7
BRDA:21,4,1,7
BRDA:25,5,0,1
BRDA:25,5,1,11
BRDA:26,6,0,11
BRDA:26,6,1,1
BRDA:27,7,0,4
BRDA:27,7,1,8
BRDA:28,8,0,3
BRDA:28,8,1,4
BRDA:30,9,0,2
BRDA:30,9,1,2
BRDA:30,10,0,2
BRDA:30,10,1,1
BRF:22
BRH:22
end_of_record
TN:
SF:src/lib/instituteFeatures.js
FN:37,(anonymous_0)
FNF:1
FNH:1
FNDA:7,(anonymous_0)
DA:6,1
DA:37,7
LF:2
LH:2
BRDA:37,0,0,7
BRDA:37,0,1,5
BRDA:37,0,2,3
BRF:3
BRH:3
end_of_record
TN:
SF:src/lib/navState.js
FN:6,loadNav
FN:14,saveNav
FNF:2
FNH:2
FNDA:4,loadNav
FNDA:2,saveNav
DA:7,4
DA:8,4
DA:10,2
DA:15,2
DA:16,2
LF:5
LH:5
BRDA:8,0,0,4
BRDA:8,0,1,0
BRDA:8,1,0,4
BRDA:8,1,1,1
BRF:4
BRH:3
end_of_record
TN:
SF:src/lib/questions.js
FN:19,displayOptions
FN:22,(anonymous_1)
FN:30,(anonymous_2)
FN:37,questionDate
FN:49,questionUpdatedDate
FN:61,(anonymous_5)
FN:75,stemText
FN:93,questionHaystack
FN:118,(anonymous_8)
FN:123,(anonymous_9)
FN:131,matchPercent
FN:139,(anonymous_11)
FN:145,searchQuestions
FN:149,(anonymous_13)
FN:150,(anonymous_14)
FN:151,(anonymous_15)
FN:175,questionTypeKey
FN:182,filterByType
FN:186,(anonymous_18)
FNF:19
FNH:16
FNDA:3,displayOptions
FNDA:5,(anonymous_1)
FNDA:0,(anonymous_2)
FNDA:7,questionDate
FNDA:4,questionUpdatedDate
FNDA:0,(anonymous_5)
FNDA:3,stemText
FNDA:9,questionHaystack
FNDA:7,(anonymous_8)
FNDA:13,(anonymous_9)
FNDA:11,matchPercent
FNDA:11,(anonymous_11)
FNDA:4,searchQuestions
FNDA:6,(anonymous_13)
FNDA:6,(anonymous_14)
FNDA:0,(anonymous_15)
FNDA:6,questionTypeKey
FNDA:3,filterByType
FNDA:3,(anonymous_18)
DA:9,1
DA:20,3
DA:21,3
DA:22,5
DA:23,2
DA:25,2
DA:30,1
DA:31,0
DA:38,7
DA:39,4
DA:40,7
DA:41,3
DA:50,4
DA:51,3
DA:52,3
DA:53,2
DA:54,2
DA:55,1
DA:61,1
DA:62,0
DA:63,0
DA:64,0
DA:65,0
DA:66,0
DA:76,3
DA:77,3
DA:78,2
DA:79,2
DA:80,2
DA:81,2
DA:94,9
DA:107,9
DA:112,1
DA:118,7
DA:123,13
DA:132,11
DA:133,11
DA:134,9
DA:135,9
DA:136,9
DA:137,7
DA:138,7
DA:139,11
DA:140,7
DA:146,4
DA:147,4
DA:148,2
DA:149,6
DA:150,6
DA:151,0
DA:157,1
DA:176,6
DA:177,6
DA:183,3
DA:184,3
DA:185,1
DA:186,3
LF:57
LH:50
BRDA:20,0,0,3
BRDA:20,0,1,0
BRDA:21,1,0,2
BRDA:21,1,1,1
BRDA:22,2,0,2
BRDA:22,2,1,2
BRDA:22,3,0,5
BRDA:22,3,1,1
BRDA:23,4,0,1
BRDA:23,4,1,1
BRDA:31,5,0,0
BRDA:31,5,1,0
BRDA:38,6,0,3
BRDA:38,6,1,4
BRDA:39,7,0,4
BRDA:39,7,1,2
BRDA:39,7,2,2
BRDA:40,8,0,1
BRDA:40,8,1,6
BRDA:50,9,0,1
BRDA:50,9,1,3
BRDA:52,10,0,1
BRDA:52,10,1,2
BRDA:54,11,0,1
BRDA:54,11,1,1
BRDA:54,12,0,2
BRDA:54,12,1,2
BRDA:63,13,0,0
BRDA:63,13,1,0
BRDA:66,14,0,0
BRDA:66,14,1,0
BRDA:76,15,0,3
BRDA:76,15,1,0
BRDA:77,16,0,1
BRDA:77,16,1,2
BRDA:77,17,0,3
BRDA:77,17,1,2
BRDA:77,18,0,2
BRDA:77,18,1,2
BRDA:79,19,0,0
BRDA:79,19,1,2
BRDA:81,20,0,2
BRDA:81,20,1,1
BRDA:101,21,0,9
BRDA:101,21,1,9
BRDA:102,22,0,9
BRDA:102,22,1,9
BRDA:103,23,0,9
BRDA:103,23,1,9
BRDA:104,24,0,9
BRDA:104,24,1,9
BRDA:105,25,0,0
BRDA:105,25,1,9
BRDA:120,26,0,7
BRDA:120,26,1,0
BRDA:123,27,0,13
BRDA:123,27,1,11
BRDA:132,28,0,11
BRDA:132,28,1,1
BRDA:133,29,0,2
BRDA:133,29,1,9
BRDA:135,30,0,0
BRDA:135,30,1,9
BRDA:136,31,0,2
BRDA:136,31,1,7
BRDA:138,32,0,0
BRDA:138,32,1,7
BRDA:146,33,0,4
BRDA:146,33,1,1
BRDA:147,34,0,2
BRDA:147,34,1,2
BRDA:148,35,0,2
BRDA:148,35,1,0
BRDA:177,36,0,3
BRDA:177,36,1,3
BRDA:183,37,0,3
BRDA:183,37,1,0
BRDA:184,38,0,2
BRDA:184,38,1,1
BRDA:184,39,0,3
BRDA:184,39,1,2
BRF:81
BRH:66
end_of_record
TN:
SF:src/lib/shareLink.js
FN:13,publicShareUrl
FNF:1
FNH:1
FNDA:8,publicShareUrl
DA:14,8
DA:15,8
DA:16,8
DA:17,8
DA:19,6
DA:20,8
DA:21,8
LF:7
LH:7
BRDA:15,0,0,8
BRDA:15,0,1,0
BRDA:17,1,0,2
BRDA:17,1,1,6
BRDA:19,2,0,3
BRDA:19,2,1,3
BRDA:19,3,0,6
BRDA:19,3,1,4
BRDA:20,4,0,4
BRDA:20,4,1,2
BRDA:20,5,0,8
BRDA:20,5,1,4
BRF:12
BRH:11
end_of_record
TN:
SF:src/lib/shuffleOptions.js
FN:14,mulberry32
FN:15,(anonymous_1)
FN:24,strHash
FN:35,makeSeed
FN:40,optionOrder
FN:44,(anonymous_5)
FN:56,shuffleQuestion
FN:59,(anonymous_7)
FN:61,(anonymous_8)
FN:68,shuffleAll
FN:69,(anonymous_10)
FN:77,shuffleQuestionOrder
FN:87,(anonymous_12)
FN:111,toOriginalIndex
FN:119,toDisplayIndex
FNF:15
FNH:15
FNDA:31,mulberry32
FNDA:43,(anonymous_1)
FNDA:25,strHash
FNDA:10,makeSeed
FNDA:10,optionOrder
FNDA:40,(anonymous_5)
FNDA:12,shuffleQuestion
FNDA:40,(anonymous_7)
FNDA:36,(anonymous_8)
FNDA:2,shuffleAll
FNDA:2,(anonymous_10)
FNDA:6,shuffleQuestionOrder
FNDA:15,(anonymous_12)
FNDA:10,toOriginalIndex
FNDA:5,toDisplayIndex
DA:15,31
DA:16,43
DA:17,43
DA:18,43
DA:19,43
DA:20,43
DA:25,25
DA:26,25
DA:27,25
DA:28,259
DA:29,259
DA:31,25
DA:36,10
DA:41,10
DA:42,10
DA:43,10
DA:44,40
DA:45,10
DA:46,10
DA:47,28
DA:48,28
DA:50,10
DA:57,12
DA:58,10
DA:59,40
DA:60,10
DA:61,36
DA:64,12
DA:65,12
DA:69,2
DA:78,6
DA:79,6
DA:80,6
DA:81,6
DA:82,25
DA:83,25
DA:84,25
DA:87,15
DA:88,6
DA:89,6
DA:90,5
DA:91,5
DA:93,6
DA:96,6
DA:97,6
DA:98,15
DA:99,15
DA:100,15
DA:101,10
DA:102,10
DA:104,15
DA:106,6
DA:112,10
DA:113,9
DA:114,1
DA:120,5
DA:121,5
DA:122,4
DA:123,4
DA:125,1
LF:60
LH:60
BRDA:26,0,0,25
BRDA:26,0,1,0
BRDA:41,1,0,10
BRDA:41,1,1,0
BRDA:44,2,0,2
BRDA:44,2,1,38
BRDA:44,3,0,40
BRDA:44,3,1,0
BRDA:57,4,0,2
BRDA:57,4,1,10
BRDA:57,5,0,12
BRDA:57,5,1,11
BRDA:57,5,2,11
BRDA:60,6,0,9
BRDA:60,6,1,1
BRDA:61,7,0,36
BRDA:61,7,1,0
BRDA:64,8,0,10
BRDA:64,8,1,0
BRDA:64,9,0,12
BRDA:64,9,1,10
BRDA:69,10,0,1
BRDA:69,10,1,1
BRDA:78,11,0,5
BRDA:78,11,1,1
BRDA:82,12,0,25
BRDA:82,12,1,5
BRDA:83,13,0,15
BRDA:83,13,1,10
BRDA:93,14,0,5
BRDA:93,14,1,1
BRDA:112,15,0,1
BRDA:112,15,1,9
BRDA:113,16,0,8
BRDA:113,16,1,1
BRDA:113,17,0,9
BRDA:113,17,1,9
BRDA:113,18,0,8
BRDA:113,18,1,0
BRDA:120,19,0,0
BRDA:120,19,1,5
BRDA:121,20,0,4
BRDA:121,20,1,1
BRDA:121,21,0,5
BRDA:121,21,1,5
BRDA:123,22,0,0
BRDA:123,22,1,4
BRF:47
BRH:39
end_of_record
TN:
SF:src/lib/slug.js
FN:4,slugify
FNF:1
FNH:1
FNDA:10,slugify
DA:5,10
LF:1
LH:1
BRDA:5,0,0,10
BRDA:5,0,1,3
BRF:2
BRH:2
end_of_record
TN:
SF:src/lib/subjectIcon.js
FN:52,match
FN:54,(anonymous_1)
FN:57,subjectIconName
FN:60,subjectEmoji
FN:63,subjectColor
FNF:5
FNH:5
FNDA:25,match
FNDA:371,(anonymous_1)
FNDA:12,subjectIconName
FNDA:10,subjectEmoji
FNDA:3,subjectColor
DA:10,1
DA:11,1
DA:12,1
DA:14,1
DA:53,25
DA:54,371
DA:58,12
DA:61,10
DA:64,3
LF:9
LH:9
BRDA:53,0,0,25
BRDA:53,0,1,3
BRDA:54,1,0,25
BRDA:54,1,1,6
BRDA:58,2,0,12
BRDA:58,2,1,2
BRDA:61,3,0,10
BRDA:61,3,1,2
BRDA:64,4,0,3
BRDA:64,4,1,2
BRF:10
BRH:10
end_of_record
